<?xml version="1.0" encoding="UTF-8"?>
<coverage generated="1736564746443" clover="3.2.0">
  <project timestamp="1736564746443" name="All files">
    <metrics statements="25" coveredstatements="24" conditionals="1" coveredconditionals="1" methods="7" coveredmethods="7" elements="33" coveredelements="32" complexity="0" loc="25" ncloc="25" packages="1" files="1" classes="1"/>
    <file name="captureLogs.ts" path="D:\github\webP\tsplayground\src\hooks\captureLogs.ts">
      <metrics statements="25" coveredstatements="24" conditionals="1" coveredconditionals="1" methods="7" coveredmethods="7"/>
      <line num="1" count="1" type="stmt"/>
      <line num="15" count="2" type="stmt"/>
      <line num="16" count="2" type="stmt"/>
      <line num="18" count="2" type="stmt"/>
      <line num="19" count="13" type="cond" truecount="1" falsecount="0"/>
      <line num="20" count="4" type="stmt"/>
      <line num="24" count="2" type="stmt"/>
      <line num="28" count="2" type="stmt"/>
      <line num="29" count="2" type="stmt"/>
      <line num="31" count="2" type="stmt"/>
      <line num="33" count="4" type="stmt"/>
      <line num="37" count="2" type="stmt"/>
      <line num="38" count="2" type="stmt"/>
      <line num="39" count="2" type="stmt"/>
      <line num="43" count="1" type="stmt"/>
      <line num="44" count="2" type="stmt"/>
      <line num="45" count="2" type="stmt"/>
      <line num="47" count="2" type="stmt"/>
      <line num="48" count="2" type="stmt"/>
      <line num="50" count="0" type="stmt"/>
      <line num="53" count="2" type="stmt"/>
      <line num="54" count="4" type="stmt"/>
      <line num="58" count="2" type="stmt"/>
      <line num="62" count="1" type="stmt"/>
      <line num="63" count="1" type="stmt"/>
    </file>
  </project>
</coverage>
