<?xml version="1.0" encoding="UTF-8"?>
<coverage generated="1736386590521" clover="3.2.0">
  <project timestamp="1736386590521" name="All files">
    <metrics statements="27" coveredstatements="22" conditionals="25" coveredconditionals="14" methods="2" coveredmethods="2" elements="54" coveredelements="38" complexity="0" loc="27" ncloc="27" packages="1" files="1" classes="1"/>
    <file name="evalCode.ts" path="D:\github\webP\tsplayground\src\hooks\evalCode.ts">
      <metrics statements="27" coveredstatements="22" conditionals="25" coveredconditionals="14" methods="2" coveredmethods="2"/>
      <line num="1" count="1" type="stmt"/>
      <line num="2" count="1" type="stmt"/>
      <line num="4" count="1" type="stmt"/>
      <line num="5" count="3" type="stmt"/>
      <line num="6" count="3" type="stmt"/>
      <line num="7" count="3" type="stmt"/>
      <line num="8" count="3" type="stmt"/>
      <line num="9" count="3" type="stmt"/>
      <line num="11" count="3" type="cond" truecount="1" falsecount="0"/>
      <line num="13" count="2" type="stmt"/>
      <line num="14" count="3" type="cond" truecount="1" falsecount="1"/>
      <line num="15" count="3" type="stmt"/>
      <line num="18" count="3" type="cond" truecount="2" falsecount="5"/>
      <line num="27" count="3" type="cond" truecount="1" falsecount="1"/>
      <line num="28" count="3" type="stmt"/>
      <line num="29" count="3" type="cond" truecount="3" falsecount="1"/>
      <line num="30" count="3" type="stmt"/>
      <line num="31" count="3" type="cond" truecount="3" falsecount="1"/>
      <line num="40" count="0" type="stmt"/>
      <line num="44" count="0" type="stmt"/>
      <line num="46" count="3" type="cond" truecount="3" falsecount="1"/>
      <line num="49" count="2" type="cond" truecount="0" falsecount="1"/>
      <line num="50" count="0" type="stmt"/>
      <line num="51" count="0" type="stmt"/>
      <line num="52" count="0" type="stmt"/>
      <line num="60" count="2" type="stmt"/>
      <line num="61" count="2" type="stmt"/>
    </file>
  </project>
</coverage>
