{"D:\\github\\webP\\tsplayground\\src\\hooks\\captureLogs.ts": {"path":"D:\\github\\webP\\tsplayground\\src\\hooks\\captureLogs.ts","statementMap":{"0":{"start":{"line":43,"column":0},"end":{"line":43,"column":16}},"1":{"start":{"line":1,"column":13},"end":{"line":12,"column":null}},"2":{"start":{"line":15,"column":16},"end":{"line":15,"column":32}},"3":{"start":{"line":16,"column":34},"end":{"line":16,"column":36}},"4":{"start":{"line":18,"column":2},"end":{"line":22,"column":null}},"5":{"start":{"line":19,"column":4},"end":{"line":21,"column":5}},"6":{"start":{"line":20,"column":6},"end":{"line":20,"column":null}},"7":{"start":{"line":24,"column":2},"end":{"line":24,"column":null}},"8":{"start":{"line":28,"column":34},"end":{"line":28,"column":36}},"9":{"start":{"line":29,"column":22},"end":{"line":29,"column":33}},"10":{"start":{"line":31,"column":2},"end":{"line":35,"column":null}},"11":{"start":{"line":33,"column":4},"end":{"line":33,"column":null}},"12":{"start":{"line":37,"column":2},"end":{"line":40,"column":null}},"13":{"start":{"line":38,"column":4},"end":{"line":38,"column":null}},"14":{"start":{"line":39,"column":4},"end":{"line":39,"column":null}},"15":{"start":{"line":44,"column":22},"end":{"line":44,"column":35}},"16":{"start":{"line":45,"column":19},"end":{"line":45,"column":41}},"17":{"start":{"line":47,"column":2},"end":{"line":51,"column":3}},"18":{"start":{"line":48,"column":4},"end":{"line":48,"column":null}},"19":{"start":{"line":50,"column":4},"end":{"line":50,"column":null}},"20":{"start":{"line":53,"column":23},"end":{"line":53,"column":36}},"21":{"start":{"line":54,"column":15},"end":{"line":57,"column":5}},"22":{"start":{"line":54,"column":55},"end":{"line":57,"column":4}},"23":{"start":{"line":58,"column":2},"end":{"line":58,"column":null}},"24":{"start":{"line":62,"column":12},"end":{"line":62,"column":29}},"25":{"start":{"line":63,"column":0},"end":{"line":63,"column":null}}},"fnMap":{"0":{"name":"captureIndexLogs","decl":{"start":{"line":14,"column":9},"end":{"line":14,"column":25}},"loc":{"start":{"line":14,"column":38},"end":{"line":25,"column":1}}},"1":{"name":"(anonymous_1)","decl":{"start":{"line":18,"column":16},"end":{"line":18,"column":17}},"loc":{"start":{"line":18,"column":33},"end":{"line":22,"column":3}}},"2":{"name":"captureLogs","decl":{"start":{"line":27,"column":9},"end":{"line":27,"column":20}},"loc":{"start":{"line":27,"column":20},"end":{"line":41,"column":1}}},"3":{"name":"(anonymous_3)","decl":{"start":{"line":31,"column":16},"end":{"line":31,"column":17}},"loc":{"start":{"line":31,"column":28},"end":{"line":35,"column":3}}},"4":{"name":"(anonymous_4)","decl":{"start":{"line":37,"column":9},"end":{"line":37,"column":12}},"loc":{"start":{"line":37,"column":14},"end":{"line":40,"column":3}}},"5":{"name":"executeCode","decl":{"start":{"line":43,"column":16},"end":{"line":43,"column":27}},"loc":{"start":{"line":43,"column":40},"end":{"line":60,"column":1}}},"6":{"name":"(anonymous_6)","decl":{"start":{"line":54,"column":37},"end":{"line":54,"column":38}},"loc":{"start":{"line":54,"column":55},"end":{"line":57,"column":4}}}},"branchMap":{"0":{"loc":{"start":{"line":19,"column":4},"end":{"line":21,"column":5}},"type":"if","locations":[{"start":{"line":19,"column":4},"end":{"line":21,"column":5}}]}},"s":{"0":1,"1":1,"2":2,"3":2,"4":2,"5":13,"6":4,"7":2,"8":2,"9":2,"10":2,"11":4,"12":2,"13":2,"14":2,"15":2,"16":2,"17":2,"18":2,"19":0,"20":2,"21":2,"22":4,"23":2,"24":1,"25":1},"f":{"0":2,"1":13,"2":2,"3":4,"4":2,"5":2,"6":4},"b":{"0":[4]}}
}
