{"D:\\github\\webP\\tsplayground\\src\\hooks\\evalCode.ts": {"path":"D:\\github\\webP\\tsplayground\\src\\hooks\\evalCode.ts","statementMap":{"0":{"start":{"line":1,"column":0},"end":{"line":1,"column":37}},"1":{"start":{"line":2,"column":0},"end":{"line":2,"column":36}},"2":{"start":{"line":4,"column":25},"end":{"line":62,"column":1}},"3":{"start":{"line":5,"column":16},"end":{"line":5,"column":61}},"4":{"start":{"line":6,"column":33},"end":{"line":6,"column":35}},"5":{"start":{"line":7,"column":15},"end":{"line":7,"column":17}},"6":{"start":{"line":8,"column":16},"end":{"line":8,"column":18}},"7":{"start":{"line":9,"column":16},"end":{"line":9,"column":18}},"8":{"start":{"line":11,"column":1},"end":{"line":11,"column":24}},"9":{"start":{"line":11,"column":18},"end":{"line":11,"column":24}},"10":{"start":{"line":13,"column":1},"end":{"line":47,"column":null}},"11":{"start":{"line":14,"column":2},"end":{"line":45,"column":3}},"12":{"start":{"line":15,"column":16},"end":{"line":15,"column":31}},"13":{"start":{"line":18,"column":4},"end":{"line":24,"column":35}},"14":{"start":{"line":27,"column":3},"end":{"line":41,"column":4}},"15":{"start":{"line":28,"column":4},"end":{"line":28,"column":null}},"16":{"start":{"line":29,"column":4},"end":{"line":29,"column":null}},"17":{"start":{"line":30,"column":4},"end":{"line":30,"column":40}},"18":{"start":{"line":31,"column":4},"end":{"line":31,"column":null}},"19":{"start":{"line":40,"column":4},"end":{"line":40,"column":null}},"20":{"start":{"line":44,"column":3},"end":{"line":44,"column":null}},"21":{"start":{"line":46,"column":2},"end":{"line":46,"column":null}},"22":{"start":{"line":49,"column":1},"end":{"line":59,"column":2}},"23":{"start":{"line":50,"column":2},"end":{"line":50,"column":null}},"24":{"start":{"line":51,"column":2},"end":{"line":51,"column":null}},"25":{"start":{"line":52,"column":2},"end":{"line":52,"column":null}},"26":{"start":{"line":60,"column":1},"end":{"line":60,"column":null}},"27":{"start":{"line":61,"column":1},"end":{"line":61,"column":null}},"28":{"start":{"line":4,"column":13},"end":{"line":4,"column":25}}},"fnMap":{"0":{"name":"(anonymous_0)","decl":{"start":{"line":4,"column":25},"end":{"line":4,"column":26}},"loc":{"start":{"line":4,"column":42},"end":{"line":62,"column":1}}},"1":{"name":"(anonymous_1)","decl":{"start":{"line":13,"column":21},"end":{"line":13,"column":22}},"loc":{"start":{"line":13,"column":30},"end":{"line":47,"column":2}}}},"branchMap":{"0":{"loc":{"start":{"line":11,"column":1},"end":{"line":11,"column":24}},"type":"if","locations":[{"start":{"line":11,"column":1},"end":{"line":11,"column":24}}]},"1":{"loc":{"start":{"line":14,"column":2},"end":{"line":45,"column":3}},"type":"if","locations":[{"start":{"line":14,"column":2},"end":{"line":45,"column":3}},{"start":{"line":42,"column":9},"end":{"line":45,"column":3}}]},"2":{"loc":{"start":{"line":18,"column":4},"end":{"line":24,"column":35}},"type":"binary-expr","locations":[{"start":{"line":18,"column":4},"end":{"line":18,"column":34}},{"start":{"line":19,"column":4},"end":{"line":19,"column":36}},{"start":{"line":20,"column":4},"end":{"line":20,"column":36}},{"start":{"line":21,"column":4},"end":{"line":21,"column":30}},{"start":{"line":22,"column":4},"end":{"line":22,"column":35}},{"start":{"line":23,"column":4},"end":{"line":23,"column":37}},{"start":{"line":24,"column":4},"end":{"line":24,"column":35}}]},"3":{"loc":{"start":{"line":27,"column":3},"end":{"line":41,"column":4}},"type":"if","locations":[{"start":{"line":27,"column":3},"end":{"line":41,"column":4}},{"start":{"line":38,"column":10},"end":{"line":41,"column":4}}]},"4":{"loc":{"start":{"line":29,"column":15},"end":{"line":29,"column":33}},"type":"cond-expr","locations":[{"start":{"line":29,"column":23},"end":{"line":29,"column":25}},{"start":{"line":29,"column":23},"end":{"line":29,"column":33}}]},"5":{"loc":{"start":{"line":29,"column":15},"end":{"line":29,"column":25}},"type":"binary-expr","locations":[{"start":{"line":29,"column":15},"end":{"line":29,"column":25}},{"start":{"line":29,"column":23},"end":{"line":29,"column":25}}]},"6":{"loc":{"start":{"line":31,"column":24},"end":{"line":31,"column":42}},"type":"cond-expr","locations":[{"start":{"line":31,"column":32},"end":{"line":31,"column":34}},{"start":{"line":31,"column":32},"end":{"line":31,"column":42}}]},"7":{"loc":{"start":{"line":31,"column":24},"end":{"line":31,"column":34}},"type":"binary-expr","locations":[{"start":{"line":31,"column":24},"end":{"line":31,"column":34}},{"start":{"line":31,"column":32},"end":{"line":31,"column":34}}]},"8":{"loc":{"start":{"line":46,"column":13},"end":{"line":46,"column":31}},"type":"cond-expr","locations":[{"start":{"line":46,"column":21},"end":{"line":46,"column":23}},{"start":{"line":46,"column":21},"end":{"line":46,"column":31}}]},"9":{"loc":{"start":{"line":46,"column":13},"end":{"line":46,"column":23}},"type":"binary-expr","locations":[{"start":{"line":46,"column":13},"end":{"line":46,"column":23}},{"start":{"line":46,"column":21},"end":{"line":46,"column":23}}]},"10":{"loc":{"start":{"line":49,"column":1},"end":{"line":59,"column":2}},"type":"if","locations":[{"start":{"line":49,"column":1},"end":{"line":59,"column":2}}]}},"s":{"0":1,"1":1,"2":1,"3":3,"4":3,"5":3,"6":3,"7":3,"8":3,"9":1,"10":2,"11":3,"12":3,"13":3,"14":3,"15":3,"16":3,"17":3,"18":3,"19":0,"20":0,"21":3,"22":2,"23":0,"24":0,"25":0,"26":2,"27":2,"28":1},"f":{"0":3,"1":3},"b":{"0":[1],"1":[3,0],"2":[3,3,0,0,0,0,0],"3":[3,0],"4":[0,3],"5":[3,3],"6":[0,3],"7":[3,3],"8":[0,3],"9":[3,3],"10":[0]}}
}
