TN:
SF:src\hooks\captureLogs.ts
FN:14,captureIndexLogs
FN:18,(anonymous_1)
FN:27,captureLogs
FN:31,(anonymous_3)
FN:37,(anonymous_4)
FN:43,executeCode
FN:54,(anonymous_6)
FNF:7
FNH:7
FNDA:2,captureIndexLogs
FNDA:13,(anonymous_1)
FNDA:2,captureLogs
FNDA:4,(anonymous_3)
FNDA:2,(anonymous_4)
FNDA:2,executeCode
FNDA:4,(anonymous_6)
DA:1,1
DA:15,2
DA:16,2
DA:18,2
DA:19,13
DA:20,4
DA:24,2
DA:28,2
DA:29,2
DA:31,2
DA:33,4
DA:37,2
DA:38,2
DA:39,2
DA:43,1
DA:44,2
DA:45,2
DA:47,2
DA:48,2
DA:50,0
DA:53,2
DA:54,4
DA:58,2
DA:62,1
DA:63,1
LF:25
LH:24
BRDA:19,0,0,4
BRF:1
BRH:1
end_of_record
