TN:
SF:src\hooks\evalCode.ts
FN:4,(anonymous_0)
FN:13,(anonymous_1)
FNF:2
FNH:2
FNDA:3,(anonymous_0)
FNDA:3,(anonymous_1)
DA:1,1
DA:2,1
DA:4,1
DA:5,3
DA:6,3
DA:7,3
DA:8,3
DA:9,3
DA:11,3
DA:13,2
DA:14,3
DA:15,3
DA:18,3
DA:27,3
DA:28,3
DA:29,3
DA:30,3
DA:31,3
DA:40,0
DA:44,0
DA:46,3
DA:49,2
DA:50,0
DA:51,0
DA:52,0
DA:60,2
DA:61,2
LF:27
LH:22
BRDA:11,0,0,1
BRDA:14,1,0,3
BRDA:14,1,1,0
BRDA:18,2,0,3
BRDA:18,2,1,3
BRDA:18,2,2,0
BRDA:18,2,3,0
BRDA:18,2,4,0
BRDA:18,2,5,0
BRDA:18,2,6,0
BRDA:27,3,0,3
BRDA:27,3,1,0
BRDA:29,4,0,0
BRDA:29,4,1,3
BRDA:29,5,0,3
BRDA:29,5,1,3
BRDA:31,6,0,0
BRDA:31,6,1,3
BRDA:31,7,0,3
BRDA:31,7,1,3
BRDA:46,8,0,0
BRDA:46,8,1,3
BRDA:46,9,0,3
BRDA:46,9,1,3
BRDA:49,10,0,0
BRF:25
BRH:14
end_of_record
